<?xml version="1.0" encoding="UTF-8"?>
<testsuite name="RecipesApplicationTest" tests="1" skipped="0" failures="0" errors="0" timestamp="2022-02-09T03:38:07" hostname="T460" time="25.681">
  <properties/>
  <testcase name="start" classname="RecipesApplicationTest" time="25.681"/>
  <system-out><![CDATA[?[1;31m
Start test 1?[0m

  .   ____          _            __ _ _
 /\\ / ___'_ __ _ _(_)_ __  __ _ \ \ \ \
( ( )\___ | '_ | '_| | '_ \/ _` | \ \ \ \
 \\/  ___)| |_)| | | | | || (_| |  ) ) ) )
  '  |____| .__|_| |_|_| |_\__, | / / / /
 =========|_|==============|___/=/_/_/_/
 :: Spring Boot ::                (v2.5.6)

2022-02-09 10:38:08.492  INFO 9852 --- [    Test worker] recipes.RecipesApplication               : Starting RecipesApplication using Java 17.0.2 on T460 with PID 9852 (started by Hai in D:\gt\Recipes\Recipes\task)
2022-02-09 10:38:08.498  INFO 9852 --- [    Test worker] recipes.RecipesApplication               : No active profile set, falling back to default profiles: default
2022-02-09 10:38:10.680  INFO 9852 --- [    Test worker] .s.d.r.c.RepositoryConfigurationDelegate : Bootstrapping Spring Data JPA repositories in DEFAULT mode.
2022-02-09 10:38:10.793  INFO 9852 --- [    Test worker] .s.d.r.c.RepositoryConfigurationDelegate : Finished Spring Data repository scanning in 95 ms. Found 2 JPA repository interfaces.
2022-02-09 10:38:12.115  INFO 9852 --- [    Test worker] o.s.b.w.embedded.tomcat.TomcatWebServer  : Tomcat initialized with port(s): 8080 (http)
2022-02-09 10:38:12.137  INFO 9852 --- [    Test worker] o.apache.catalina.core.StandardService   : Starting service [Tomcat]
2022-02-09 10:38:12.139  INFO 9852 --- [    Test worker] org.apache.catalina.core.StandardEngine  : Starting Servlet engine: [Apache Tomcat/9.0.54]
2022-02-09 10:38:12.337  INFO 9852 --- [    Test worker] o.a.c.c.C.[Tomcat].[localhost].[/]       : Initializing Spring embedded WebApplicationContext
2022-02-09 10:38:12.337  INFO 9852 --- [    Test worker] w.s.c.ServletWebServerApplicationContext : Root WebApplicationContext: initialization completed in 3714 ms
2022-02-09 10:38:12.574  INFO 9852 --- [    Test worker] com.zaxxer.hikari.HikariDataSource       : HikariPool-1 - Starting...
2022-02-09 10:38:13.072  INFO 9852 --- [    Test worker] com.zaxxer.hikari.HikariDataSource       : HikariPool-1 - Start completed.
2022-02-09 10:38:13.098  INFO 9852 --- [    Test worker] o.s.b.a.h2.H2ConsoleAutoConfiguration    : H2 console available at '/h2-console'. Database available at 'jdbc:h2:file:~/recipes_db'
2022-02-09 10:38:13.440  INFO 9852 --- [    Test worker] o.hibernate.jpa.internal.util.LogHelper  : HHH000204: Processing PersistenceUnitInfo [name: default]
2022-02-09 10:38:13.543  INFO 9852 --- [    Test worker] org.hibernate.Version                    : HHH000412: Hibernate ORM core version 5.4.32.Final
2022-02-09 10:38:13.841  INFO 9852 --- [    Test worker] o.hibernate.annotations.common.Version   : HCANN000001: Hibernate Commons Annotations {5.1.2.Final}
2022-02-09 10:38:14.131  INFO 9852 --- [    Test worker] org.hibernate.dialect.Dialect            : HHH000400: Using dialect: org.hibernate.dialect.H2Dialect
2022-02-09 10:38:15.471  INFO 9852 --- [    Test worker] o.h.e.t.j.p.i.JtaPlatformInitiator       : HHH000490: Using JtaPlatform implementation: [org.hibernate.engine.transaction.jta.platform.internal.NoJtaPlatform]
2022-02-09 10:38:15.488  INFO 9852 --- [    Test worker] j.LocalContainerEntityManagerFactoryBean : Initialized JPA EntityManagerFactory for persistence unit 'default'
2022-02-09 10:38:16.272  WARN 9852 --- [    Test worker] JpaBaseConfiguration$JpaWebConfiguration : spring.jpa.open-in-view is enabled by default. Therefore, database queries may be performed during view rendering. Explicitly configure spring.jpa.open-in-view to disable this warning
2022-02-09 10:38:17.149  INFO 9852 --- [    Test worker] o.s.b.a.e.web.EndpointLinksResolver      : Exposing 14 endpoint(s) beneath base path '/actuator'
2022-02-09 10:38:17.294  INFO 9852 --- [    Test worker] o.s.s.web.DefaultSecurityFilterChain     : Will secure any request with [org.springframework.security.web.context.request.async.WebAsyncManagerIntegrationFilter@76c2d002, org.springframework.security.web.context.SecurityContextPersistenceFilter@643fed50, org.springframework.security.web.header.HeaderWriterFilter@258291de, org.springframework.security.web.authentication.logout.LogoutFilter@267309f7, org.springframework.security.web.authentication.www.BasicAuthenticationFilter@2af1bf5a, org.springframework.security.web.savedrequest.RequestCacheAwareFilter@7dbe858f, org.springframework.security.web.servletapi.SecurityContextHolderAwareRequestFilter@4c81e7c2, org.springframework.security.web.authentication.AnonymousAuthenticationFilter@55589ef5, org.springframework.security.web.session.SessionManagementFilter@133d0471, org.springframework.security.web.access.ExceptionTranslationFilter@7e916dc2, org.springframework.security.web.access.intercept.FilterSecurityInterceptor@7916568d]
2022-02-09 10:38:17.696  INFO 9852 --- [    Test worker] o.s.b.w.embedded.tomcat.TomcatWebServer  : Tomcat started on port(s): 8080 (http) with context path ''
2022-02-09 10:38:17.718  INFO 9852 --- [    Test worker] recipes.RecipesApplication               : Started RecipesApplication in 9.979 seconds (JVM running for 11.375)
2022-02-09 10:38:18.392  INFO 9852 --- [nio-8080-exec-1] o.a.c.c.C.[Tomcat].[localhost].[/]       : Initializing Spring DispatcherServlet 'dispatcherServlet'
2022-02-09 10:38:18.393  INFO 9852 --- [nio-8080-exec-1] o.s.web.servlet.DispatcherServlet        : Initializing Servlet 'dispatcherServlet'
2022-02-09 10:38:18.396  INFO 9852 --- [nio-8080-exec-1] o.s.web.servlet.DispatcherServlet        : Completed initialization in 3 ms
Hibernate: select user0_.email as email1_3_, user0_.password as password2_3_ from user user0_ where user0_.email=?
Hibernate: select user0_.email as email1_3_0_, user0_.password as password2_3_0_ from user user0_ where user0_.email=?
Hibernate: insert into user (password, email) values (?, ?)
?[1;31m
Start test 2?[0m
Hibernate: select user0_.email as email1_3_, user0_.password as password2_3_ from user user0_ where user0_.email=?
?[1;31m
Start test 3?[0m
Hibernate: select user0_.email as email1_3_, user0_.password as password2_3_ from user user0_ where user0_.email=?
Hibernate: select user0_.email as email1_3_0_, user0_.password as password2_3_0_ from user user0_ where user0_.email=?
Hibernate: insert into user (password, email) values (?, ?)
?[1;31m
Start test 4?[0m
Hibernate: select user0_.email as email1_3_, user0_.password as password2_3_ from user user0_ where user0_.email=?
Hibernate: select user0_.email as email1_3_0_, user0_.password as password2_3_0_ from user user0_ where user0_.email=?
Hibernate: insert into user (password, email) values (?, ?)
?[1;31m
Start test 5?[0m
2022-02-09 10:38:19.559  WARN 9852 --- [nio-8080-exec-5] .w.s.m.s.DefaultHandlerExceptionResolver : Resolved [org.springframework.web.bind.MethodArgumentNotValidException: Validation failed for argument [0] in public org.springframework.http.ResponseEntity<java.lang.Object> recipes.presentation.RecipesController.register(recipes.businesslayer.User): [Field error in object 'user' on field 'email': rejected value [Test3@testcom]; codes [Pattern.user.email,Pattern.email,Pattern.java.lang.String,Pattern]; arguments [org.springframework.context.support.DefaultMessageSourceResolvable: codes [user.email,email]; arguments []; default message [email],[Ljavax.validation.constraints.Pattern$Flag;@6d84e715,.+@.+\..+]; default message [must match ".+@.+\..+"]] ]
?[1;31m
Start test 6?[0m
2022-02-09 10:38:19.615  WARN 9852 --- [nio-8080-exec-6] .w.s.m.s.DefaultHandlerExceptionResolver : Resolved [org.springframework.web.bind.MethodArgumentNotValidException: Validation failed for argument [0] in public org.springframework.http.ResponseEntity<java.lang.Object> recipes.presentation.RecipesController.register(recipes.businesslayer.User): [Field error in object 'user' on field 'email': rejected value [Test4test.com]; codes [Pattern.user.email,Pattern.email,Pattern.java.lang.String,Pattern]; arguments [org.springframework.context.support.DefaultMessageSourceResolvable: codes [user.email,email]; arguments []; default message [email],[Ljavax.validation.constraints.Pattern$Flag;@6d84e715,.+@.+\..+]; default message [must match ".+@.+\..+"]] ]
?[1;31m
Start test 7?[0m
2022-02-09 10:38:19.635  WARN 9852 --- [nio-8080-exec-7] .w.s.m.s.DefaultHandlerExceptionResolver : Resolved [org.springframework.web.bind.MethodArgumentNotValidException: Validation failed for argument [0] in public org.springframework.http.ResponseEntity<java.lang.Object> recipes.presentation.RecipesController.register(recipes.businesslayer.User): [Field error in object 'user' on field 'password': rejected value [Test555]; codes [Size.user.password,Size.password,Size.java.lang.String,Size]; arguments [org.springframework.context.support.DefaultMessageSourceResolvable: codes [user.password,password]; arguments []; default message [password],2147483647,8]; default message [size must be between 8 and 2147483647]] ]
?[1;31m
Start test 8?[0m
2022-02-09 10:38:19.663  WARN 9852 --- [nio-8080-exec-8] .w.s.m.s.DefaultHandlerExceptionResolver : Resolved [org.springframework.web.bind.MethodArgumentNotValidException: Validation failed for argument [0] in public org.springframework.http.ResponseEntity<java.lang.Object> recipes.presentation.RecipesController.register(recipes.businesslayer.User): [Field error in object 'user' on field 'password': rejected value [        ]; codes [NotBlank.user.password,NotBlank.password,NotBlank.java.lang.String,NotBlank]; arguments [org.springframework.context.support.DefaultMessageSourceResolvable: codes [user.password,password]; arguments []; default message [password]]; default message [must not be blank]] ]
?[1;31m
Start test 9?[0m
Hibernate: select user0_.email as email1_3_, user0_.password as password2_3_ from user user0_ where user0_.email=?
LoginTest2@test.comHi
Hibernate: call next value for hibernate_sequence
Hibernate: insert into recipe (author, category, date, description, name, id) values (?, ?, ?, ?, ?, ?)
Hibernate: insert into recipe_directions (recipe_id, directions) values (?, ?)
Hibernate: insert into recipe_directions (recipe_id, directions) values (?, ?)
Hibernate: insert into recipe_directions (recipe_id, directions) values (?, ?)
Hibernate: insert into recipe_directions (recipe_id, directions) values (?, ?)
Hibernate: insert into recipe_directions (recipe_id, directions) values (?, ?)
Hibernate: insert into recipe_ingredients (recipe_id, ingredients) values (?, ?)
Hibernate: insert into recipe_ingredients (recipe_id, ingredients) values (?, ?)
Hibernate: insert into recipe_ingredients (recipe_id, ingredients) values (?, ?)
?[1;31m
Start test 10?[0m
Hibernate: select user0_.email as email1_3_, user0_.password as password2_3_ from user user0_ where user0_.email=?
LoginTest2@test.comHi
Hibernate: call next value for hibernate_sequence
Hibernate: insert into recipe (author, category, date, description, name, id) values (?, ?, ?, ?, ?, ?)
Hibernate: insert into recipe_directions (recipe_id, directions) values (?, ?)
Hibernate: insert into recipe_directions (recipe_id, directions) values (?, ?)
Hibernate: insert into recipe_directions (recipe_id, directions) values (?, ?)
Hibernate: insert into recipe_ingredients (recipe_id, ingredients) values (?, ?)
Hibernate: insert into recipe_ingredients (recipe_id, ingredients) values (?, ?)
Hibernate: insert into recipe_ingredients (recipe_id, ingredients) values (?, ?)
?[1;31m
Start test 11?[0m
Hibernate: select user0_.email as email1_3_, user0_.password as password2_3_ from user user0_ where user0_.email=?
Hibernate: select recipe0_.id as id1_0_, recipe0_.author as author2_0_, recipe0_.category as category3_0_, recipe0_.date as date4_0_, recipe0_.description as descript5_0_, recipe0_.name as name6_0_ from recipe recipe0_ where recipe0_.id=?
Hibernate: select ingredient0_.recipe_id as recipe_i1_2_0_, ingredient0_.ingredients as ingredie2_2_0_ from recipe_ingredients ingredient0_ where ingredient0_.recipe_id=?
Hibernate: select directions0_.recipe_id as recipe_i1_1_0_, directions0_.directions as directio2_1_0_ from recipe_directions directions0_ where directions0_.recipe_id=?
?[1;31m
Start test 12?[0m
Hibernate: select user0_.email as email1_3_, user0_.password as password2_3_ from user user0_ where user0_.email=?
Hibernate: select recipe0_.id as id1_0_, recipe0_.author as author2_0_, recipe0_.category as category3_0_, recipe0_.date as date4_0_, recipe0_.description as descript5_0_, recipe0_.name as name6_0_ from recipe recipe0_ where recipe0_.id=?
Hibernate: select ingredient0_.recipe_id as recipe_i1_2_0_, ingredient0_.ingredients as ingredie2_2_0_ from recipe_ingredients ingredient0_ where ingredient0_.recipe_id=?
Hibernate: select directions0_.recipe_id as recipe_i1_1_0_, directions0_.directions as directio2_1_0_ from recipe_directions directions0_ where directions0_.recipe_id=?
?[1;31m
Start test 13?[0m
2022-02-09 10:38:21.082  INFO 9852 --- [       Thread-5] j.LocalContainerEntityManagerFactoryBean : Closing JPA EntityManagerFactory for persistence unit 'default'
2022-02-09 10:38:21.088  INFO 9852 --- [       Thread-5] com.zaxxer.hikari.HikariDataSource       : HikariPool-1 - Shutdown initiated...
2022-02-09 10:38:21.185  INFO 9852 --- [       Thread-5] com.zaxxer.hikari.HikariDataSource       : HikariPool-1 - Shutdown completed.

  .   ____          _            __ _ _
 /\\ / ___'_ __ _ _(_)_ __  __ _ \ \ \ \
( ( )\___ | '_ | '_| | '_ \/ _` | \ \ \ \
 \\/  ___)| |_)| | | | | || (_| |  ) ) ) )
  '  |____| .__|_| |_|_| |_\__, | / / / /
 =========|_|==============|___/=/_/_/_/
 :: Spring Boot ::                (v2.5.6)

2022-02-09 10:38:21.363  INFO 9852 --- [    Test worker] recipes.RecipesApplication               : Starting RecipesApplication using Java 17.0.2 on T460 with PID 9852 (started by Hai in D:\gt\Recipes\Recipes\task)
2022-02-09 10:38:21.364  INFO 9852 --- [    Test worker] recipes.RecipesApplication               : No active profile set, falling back to default profiles: default
2022-02-09 10:38:21.962  INFO 9852 --- [    Test worker] .s.d.r.c.RepositoryConfigurationDelegate : Bootstrapping Spring Data JPA repositories in DEFAULT mode.
2022-02-09 10:38:21.974  INFO 9852 --- [    Test worker] .s.d.r.c.RepositoryConfigurationDelegate : Finished Spring Data repository scanning in 12 ms. Found 2 JPA repository interfaces.
2022-02-09 10:38:22.175  INFO 9852 --- [    Test worker] o.s.b.w.embedded.tomcat.TomcatWebServer  : Tomcat initialized with port(s): 8080 (http)
2022-02-09 10:38:22.178  INFO 9852 --- [    Test worker] o.apache.catalina.core.StandardService   : Starting service [Tomcat]
2022-02-09 10:38:22.179  INFO 9852 --- [    Test worker] org.apache.catalina.core.StandardEngine  : Starting Servlet engine: [Apache Tomcat/9.0.54]
2022-02-09 10:38:22.240  INFO 9852 --- [    Test worker] o.a.c.c.C.[Tomcat].[localhost].[/]       : Initializing Spring embedded WebApplicationContext
2022-02-09 10:38:22.240  INFO 9852 --- [    Test worker] w.s.c.ServletWebServerApplicationContext : Root WebApplicationContext: initialization completed in 858 ms
2022-02-09 10:38:22.301  INFO 9852 --- [    Test worker] com.zaxxer.hikari.HikariDataSource       : HikariPool-2 - Starting...
2022-02-09 10:38:22.336  INFO 9852 --- [    Test worker] com.zaxxer.hikari.HikariDataSource       : HikariPool-2 - Start completed.
2022-02-09 10:38:22.337  INFO 9852 --- [    Test worker] o.s.b.a.h2.H2ConsoleAutoConfiguration    : H2 console available at '/h2-console'. Database available at 'jdbc:h2:file:~/recipes_db'
2022-02-09 10:38:22.416  INFO 9852 --- [    Test worker] o.hibernate.jpa.internal.util.LogHelper  : HHH000204: Processing PersistenceUnitInfo [name: default]
2022-02-09 10:38:22.424  INFO 9852 --- [    Test worker] org.hibernate.dialect.Dialect            : HHH000400: Using dialect: org.hibernate.dialect.H2Dialect
2022-02-09 10:38:22.609  INFO 9852 --- [    Test worker] o.h.e.t.j.p.i.JtaPlatformInitiator       : HHH000490: Using JtaPlatform implementation: [org.hibernate.engine.transaction.jta.platform.internal.NoJtaPlatform]
2022-02-09 10:38:22.611  INFO 9852 --- [    Test worker] j.LocalContainerEntityManagerFactoryBean : Initialized JPA EntityManagerFactory for persistence unit 'default'
2022-02-09 10:38:22.750  WARN 9852 --- [    Test worker] JpaBaseConfiguration$JpaWebConfiguration : spring.jpa.open-in-view is enabled by default. Therefore, database queries may be performed during view rendering. Explicitly configure spring.jpa.open-in-view to disable this warning
2022-02-09 10:38:22.997  INFO 9852 --- [    Test worker] o.s.b.a.e.web.EndpointLinksResolver      : Exposing 14 endpoint(s) beneath base path '/actuator'
2022-02-09 10:38:23.022  INFO 9852 --- [    Test worker] o.s.s.web.DefaultSecurityFilterChain     : Will secure any request with [org.springframework.security.web.context.request.async.WebAsyncManagerIntegrationFilter@61a369cf, org.springframework.security.web.context.SecurityContextPersistenceFilter@236e6563, org.springframework.security.web.header.HeaderWriterFilter@5e8633da, org.springframework.security.web.authentication.logout.LogoutFilter@36134f3, org.springframework.security.web.authentication.www.BasicAuthenticationFilter@7f2c36de, org.springframework.security.web.savedrequest.RequestCacheAwareFilter@528070fe, org.springframework.security.web.servletapi.SecurityContextHolderAwareRequestFilter@3df79197, org.springframework.security.web.authentication.AnonymousAuthenticationFilter@2ce7ec5f, org.springframework.security.web.session.SessionManagementFilter@70c3c5d7, org.springframework.security.web.access.ExceptionTranslationFilter@36e8fefe, org.springframework.security.web.access.intercept.FilterSecurityInterceptor@108b2321]
2022-02-09 10:38:23.166  INFO 9852 --- [    Test worker] o.s.b.w.embedded.tomcat.TomcatWebServer  : Tomcat started on port(s): 8080 (http) with context path ''
2022-02-09 10:38:23.186  INFO 9852 --- [    Test worker] recipes.RecipesApplication               : Started RecipesApplication in 1.907 seconds (JVM running for 16.842)
?[1;31m
Start test 14?[0m
2022-02-09 10:38:23.202  INFO 9852 --- [nio-8080-exec-1] o.a.c.c.C.[Tomcat].[localhost].[/]       : Initializing Spring DispatcherServlet 'dispatcherServlet'
2022-02-09 10:38:23.203  INFO 9852 --- [nio-8080-exec-1] o.s.web.servlet.DispatcherServlet        : Initializing Servlet 'dispatcherServlet'
2022-02-09 10:38:23.207  INFO 9852 --- [nio-8080-exec-1] o.s.web.servlet.DispatcherServlet        : Completed initialization in 2 ms
Hibernate: select user0_.email as email1_3_, user0_.password as password2_3_ from user user0_ where user0_.email=?
Hibernate: select recipe0_.id as id1_0_, recipe0_.author as author2_0_, recipe0_.category as category3_0_, recipe0_.date as date4_0_, recipe0_.description as descript5_0_, recipe0_.name as name6_0_ from recipe recipe0_ where recipe0_.id=?
Hibernate: select ingredient0_.recipe_id as recipe_i1_2_0_, ingredient0_.ingredients as ingredie2_2_0_ from recipe_ingredients ingredient0_ where ingredient0_.recipe_id=?
Hibernate: select directions0_.recipe_id as recipe_i1_1_0_, directions0_.directions as directio2_1_0_ from recipe_directions directions0_ where directions0_.recipe_id=?
?[1;31m
Start test 15?[0m
Hibernate: select user0_.email as email1_3_, user0_.password as password2_3_ from user user0_ where user0_.email=?
Hibernate: select recipe0_.id as id1_0_, recipe0_.author as author2_0_, recipe0_.category as category3_0_, recipe0_.date as date4_0_, recipe0_.description as descript5_0_, recipe0_.name as name6_0_ from recipe recipe0_ where recipe0_.id=?
Hibernate: select ingredient0_.recipe_id as recipe_i1_2_0_, ingredient0_.ingredients as ingredie2_2_0_ from recipe_ingredients ingredient0_ where ingredient0_.recipe_id=?
Hibernate: select directions0_.recipe_id as recipe_i1_1_0_, directions0_.directions as directio2_1_0_ from recipe_directions directions0_ where directions0_.recipe_id=?
?[1;31m
Start test 16?[0m
Hibernate: select user0_.email as email1_3_, user0_.password as password2_3_ from user user0_ where user0_.email=?
Hibernate: select recipe0_.id as id1_0_, recipe0_.author as author2_0_, recipe0_.category as category3_0_, recipe0_.date as date4_0_, recipe0_.description as descript5_0_, recipe0_.name as name6_0_ from recipe recipe0_ where recipe0_.id=?
Hibernate: select recipe0_.id as id1_0_, recipe0_.author as author2_0_, recipe0_.category as category3_0_, recipe0_.date as date4_0_, recipe0_.description as descript5_0_, recipe0_.name as name6_0_ from recipe recipe0_ where recipe0_.id=?
Hibernate: update recipe set author=?, category=?, date=?, description=?, name=? where id=?
Hibernate: delete from recipe_directions where recipe_id=?
Hibernate: delete from recipe_ingredients where recipe_id=?
Hibernate: insert into recipe_directions (recipe_id, directions) values (?, ?)
Hibernate: insert into recipe_directions (recipe_id, directions) values (?, ?)
Hibernate: insert into recipe_directions (recipe_id, directions) values (?, ?)
Hibernate: insert into recipe_ingredients (recipe_id, ingredients) values (?, ?)
Hibernate: insert into recipe_ingredients (recipe_id, ingredients) values (?, ?)
Hibernate: insert into recipe_ingredients (recipe_id, ingredients) values (?, ?)
updated!
?[1;31m
Start test 17?[0m
Hibernate: select user0_.email as email1_3_, user0_.password as password2_3_ from user user0_ where user0_.email=?
Hibernate: select recipe0_.id as id1_0_, recipe0_.author as author2_0_, recipe0_.category as category3_0_, recipe0_.date as date4_0_, recipe0_.description as descript5_0_, recipe0_.name as name6_0_ from recipe recipe0_ where recipe0_.id=?
Hibernate: select ingredient0_.recipe_id as recipe_i1_2_0_, ingredient0_.ingredients as ingredie2_2_0_ from recipe_ingredients ingredient0_ where ingredient0_.recipe_id=?
Hibernate: select directions0_.recipe_id as recipe_i1_1_0_, directions0_.directions as directio2_1_0_ from recipe_directions directions0_ where directions0_.recipe_id=?
?[1;31m
Start test 18?[0m
Hibernate: select user0_.email as email1_3_, user0_.password as password2_3_ from user user0_ where user0_.email=?
Hibernate: select recipe0_.id as id1_0_, recipe0_.author as author2_0_, recipe0_.category as category3_0_, recipe0_.date as date4_0_, recipe0_.description as descript5_0_, recipe0_.name as name6_0_ from recipe recipe0_ where recipe0_.id=?
Hibernate: select recipe0_.id as id1_0_, recipe0_.author as author2_0_, recipe0_.category as category3_0_, recipe0_.date as date4_0_, recipe0_.description as descript5_0_, recipe0_.name as name6_0_ from recipe recipe0_ where recipe0_.id=?
Hibernate: delete from recipe_directions where recipe_id=?
Hibernate: delete from recipe_ingredients where recipe_id=?
Hibernate: delete from recipe where id=?
?[1;31m
Start test 19?[0m
Hibernate: select user0_.email as email1_3_, user0_.password as password2_3_ from user user0_ where user0_.email=?
Hibernate: select recipe0_.id as id1_0_, recipe0_.author as author2_0_, recipe0_.category as category3_0_, recipe0_.date as date4_0_, recipe0_.description as descript5_0_, recipe0_.name as name6_0_ from recipe recipe0_ where recipe0_.id=?
?[1;31m
Start test 20?[0m
Hibernate: select user0_.email as email1_3_, user0_.password as password2_3_ from user user0_ where user0_.email=?
Hibernate: select recipe0_.id as id1_0_, recipe0_.author as author2_0_, recipe0_.category as category3_0_, recipe0_.date as date4_0_, recipe0_.description as descript5_0_, recipe0_.name as name6_0_ from recipe recipe0_ where recipe0_.id=?
?[1;31m
Start test 21?[0m
Hibernate: select user0_.email as email1_3_, user0_.password as password2_3_ from user user0_ where user0_.email=?
Hibernate: select recipe0_.id as id1_0_, recipe0_.author as author2_0_, recipe0_.category as category3_0_, recipe0_.date as date4_0_, recipe0_.description as descript5_0_, recipe0_.name as name6_0_ from recipe recipe0_ where recipe0_.id=?
?[1;31m
Start test 22?[0m
Hibernate: select user0_.email as email1_3_, user0_.password as password2_3_ from user user0_ where user0_.email=?
LoginTest2@test.comHi
Hibernate: call next value for hibernate_sequence
Hibernate: insert into recipe (author, category, date, description, name, id) values (?, ?, ?, ?, ?, ?)
Hibernate: insert into recipe_directions (recipe_id, directions) values (?, ?)
Hibernate: insert into recipe_directions (recipe_id, directions) values (?, ?)
Hibernate: insert into recipe_ingredients (recipe_id, ingredients) values (?, ?)
Hibernate: insert into recipe_ingredients (recipe_id, ingredients) values (?, ?)
Hibernate: insert into recipe_ingredients (recipe_id, ingredients) values (?, ?)
?[1;31m
Start test 23?[0m
Hibernate: select user0_.email as email1_3_, user0_.password as password2_3_ from user user0_ where user0_.email=?
LoginTest2@test.comHi
Hibernate: call next value for hibernate_sequence
Hibernate: insert into recipe (author, category, date, description, name, id) values (?, ?, ?, ?, ?, ?)
Hibernate: insert into recipe_directions (recipe_id, directions) values (?, ?)
Hibernate: insert into recipe_directions (recipe_id, directions) values (?, ?)
Hibernate: insert into recipe_directions (recipe_id, directions) values (?, ?)
Hibernate: insert into recipe_ingredients (recipe_id, ingredients) values (?, ?)
Hibernate: insert into recipe_ingredients (recipe_id, ingredients) values (?, ?)
Hibernate: insert into recipe_ingredients (recipe_id, ingredients) values (?, ?)
?[1;31m
Start test 24?[0m
Hibernate: select user0_.email as email1_3_, user0_.password as password2_3_ from user user0_ where user0_.email=?
LoginTest2@test.comHi
Hibernate: call next value for hibernate_sequence
Hibernate: insert into recipe (author, category, date, description, name, id) values (?, ?, ?, ?, ?, ?)
Hibernate: insert into recipe_directions (recipe_id, directions) values (?, ?)
Hibernate: insert into recipe_directions (recipe_id, directions) values (?, ?)
Hibernate: insert into recipe_directions (recipe_id, directions) values (?, ?)
Hibernate: insert into recipe_ingredients (recipe_id, ingredients) values (?, ?)
Hibernate: insert into recipe_ingredients (recipe_id, ingredients) values (?, ?)
Hibernate: insert into recipe_ingredients (recipe_id, ingredients) values (?, ?)
?[1;31m
Start test 25?[0m
Hibernate: select user0_.email as email1_3_, user0_.password as password2_3_ from user user0_ where user0_.email=?
LoginTest2@test.comHi
Hibernate: call next value for hibernate_sequence
Hibernate: insert into recipe (author, category, date, description, name, id) values (?, ?, ?, ?, ?, ?)
Hibernate: insert into recipe_directions (recipe_id, directions) values (?, ?)
Hibernate: insert into recipe_directions (recipe_id, directions) values (?, ?)
Hibernate: insert into recipe_ingredients (recipe_id, ingredients) values (?, ?)
Hibernate: insert into recipe_ingredients (recipe_id, ingredients) values (?, ?)
Hibernate: insert into recipe_ingredients (recipe_id, ingredients) values (?, ?)
?[1;31m
Start test 26?[0m
Hibernate: select user0_.email as email1_3_, user0_.password as password2_3_ from user user0_ where user0_.email=?
LoginTest2@test.comHi
Hibernate: call next value for hibernate_sequence
Hibernate: insert into recipe (author, category, date, description, name, id) values (?, ?, ?, ?, ?, ?)
Hibernate: insert into recipe_directions (recipe_id, directions) values (?, ?)
Hibernate: insert into recipe_directions (recipe_id, directions) values (?, ?)
Hibernate: insert into recipe_directions (recipe_id, directions) values (?, ?)
Hibernate: insert into recipe_ingredients (recipe_id, ingredients) values (?, ?)
Hibernate: insert into recipe_ingredients (recipe_id, ingredients) values (?, ?)
Hibernate: insert into recipe_ingredients (recipe_id, ingredients) values (?, ?)
?[1;31m
Start test 27?[0m
Hibernate: select user0_.email as email1_3_, user0_.password as password2_3_ from user user0_ where user0_.email=?
LoginTest2@test.comHi
Hibernate: call next value for hibernate_sequence
Hibernate: insert into recipe (author, category, date, description, name, id) values (?, ?, ?, ?, ?, ?)
Hibernate: insert into recipe_directions (recipe_id, directions) values (?, ?)
Hibernate: insert into recipe_directions (recipe_id, directions) values (?, ?)
Hibernate: insert into recipe_directions (recipe_id, directions) values (?, ?)
Hibernate: insert into recipe_ingredients (recipe_id, ingredients) values (?, ?)
Hibernate: insert into recipe_ingredients (recipe_id, ingredients) values (?, ?)
?[1;31m
Start test 28?[0m
Hibernate: select user0_.email as email1_3_, user0_.password as password2_3_ from user user0_ where user0_.email=?
LoginTest2@test.comHi
Hibernate: call next value for hibernate_sequence
Hibernate: insert into recipe (author, category, date, description, name, id) values (?, ?, ?, ?, ?, ?)
Hibernate: insert into recipe_directions (recipe_id, directions) values (?, ?)
Hibernate: insert into recipe_directions (recipe_id, directions) values (?, ?)
Hibernate: insert into recipe_directions (recipe_id, directions) values (?, ?)
Hibernate: insert into recipe_ingredients (recipe_id, ingredients) values (?, ?)
Hibernate: insert into recipe_ingredients (recipe_id, ingredients) values (?, ?)
Hibernate: insert into recipe_ingredients (recipe_id, ingredients) values (?, ?)
?[1;31m
Start test 29?[0m
Hibernate: select user0_.email as email1_3_, user0_.password as password2_3_ from user user0_ where user0_.email=?
LoginTest2@test.comHi
Hibernate: call next value for hibernate_sequence
Hibernate: insert into recipe (author, category, date, description, name, id) values (?, ?, ?, ?, ?, ?)
Hibernate: insert into recipe_directions (recipe_id, directions) values (?, ?)
Hibernate: insert into recipe_directions (recipe_id, directions) values (?, ?)
Hibernate: insert into recipe_ingredients (recipe_id, ingredients) values (?, ?)
Hibernate: insert into recipe_ingredients (recipe_id, ingredients) values (?, ?)
Hibernate: insert into recipe_ingredients (recipe_id, ingredients) values (?, ?)
?[1;31m
Start test 30?[0m
Hibernate: select user0_.email as email1_3_, user0_.password as password2_3_ from user user0_ where user0_.email=?
LoginTest2@test.comHi
Hibernate: call next value for hibernate_sequence
Hibernate: insert into recipe (author, category, date, description, name, id) values (?, ?, ?, ?, ?, ?)
Hibernate: insert into recipe_directions (recipe_id, directions) values (?, ?)
Hibernate: insert into recipe_directions (recipe_id, directions) values (?, ?)
Hibernate: insert into recipe_directions (recipe_id, directions) values (?, ?)
Hibernate: insert into recipe_ingredients (recipe_id, ingredients) values (?, ?)
Hibernate: insert into recipe_ingredients (recipe_id, ingredients) values (?, ?)
?[1;31m
Start test 31?[0m
Hibernate: select user0_.email as email1_3_, user0_.password as password2_3_ from user user0_ where user0_.email=?
LoginTest2@test.comHi
Hibernate: call next value for hibernate_sequence
Hibernate: insert into recipe (author, category, date, description, name, id) values (?, ?, ?, ?, ?, ?)
Hibernate: insert into recipe_directions (recipe_id, directions) values (?, ?)
Hibernate: insert into recipe_directions (recipe_id, directions) values (?, ?)
Hibernate: insert into recipe_ingredients (recipe_id, ingredients) values (?, ?)
Hibernate: insert into recipe_ingredients (recipe_id, ingredients) values (?, ?)
Hibernate: insert into recipe_ingredients (recipe_id, ingredients) values (?, ?)
?[1;31m
Start test 32?[0m
Hibernate: select user0_.email as email1_3_, user0_.password as password2_3_ from user user0_ where user0_.email=?
LoginTest2@test.comHi
Hibernate: call next value for hibernate_sequence
Hibernate: insert into recipe (author, category, date, description, name, id) values (?, ?, ?, ?, ?, ?)
Hibernate: insert into recipe_directions (recipe_id, directions) values (?, ?)
Hibernate: insert into recipe_directions (recipe_id, directions) values (?, ?)
Hibernate: insert into recipe_directions (recipe_id, directions) values (?, ?)
Hibernate: insert into recipe_ingredients (recipe_id, ingredients) values (?, ?)
Hibernate: insert into recipe_ingredients (recipe_id, ingredients) values (?, ?)
?[1;31m
Start test 33?[0m
Hibernate: select user0_.email as email1_3_, user0_.password as password2_3_ from user user0_ where user0_.email=?
LoginTest2@test.comHi
Hibernate: call next value for hibernate_sequence
Hibernate: insert into recipe (author, category, date, description, name, id) values (?, ?, ?, ?, ?, ?)
Hibernate: insert into recipe_directions (recipe_id, directions) values (?, ?)
Hibernate: insert into recipe_directions (recipe_id, directions) values (?, ?)
Hibernate: insert into recipe_directions (recipe_id, directions) values (?, ?)
Hibernate: insert into recipe_ingredients (recipe_id, ingredients) values (?, ?)
Hibernate: insert into recipe_ingredients (recipe_id, ingredients) values (?, ?)
?[1;31m
Start test 34?[0m
Hibernate: select user0_.email as email1_3_, user0_.password as password2_3_ from user user0_ where user0_.email=?
LoginTest2@test.comHi
Hibernate: call next value for hibernate_sequence
Hibernate: insert into recipe (author, category, date, description, name, id) values (?, ?, ?, ?, ?, ?)
Hibernate: insert into recipe_directions (recipe_id, directions) values (?, ?)
Hibernate: insert into recipe_directions (recipe_id, directions) values (?, ?)
Hibernate: insert into recipe_ingredients (recipe_id, ingredients) values (?, ?)
Hibernate: insert into recipe_ingredients (recipe_id, ingredients) values (?, ?)
Hibernate: insert into recipe_ingredients (recipe_id, ingredients) values (?, ?)
?[1;31m
Start test 35?[0m
Hibernate: select user0_.email as email1_3_, user0_.password as password2_3_ from user user0_ where user0_.email=?
Hibernate: select recipe0_.id as id1_0_, recipe0_.author as author2_0_, recipe0_.category as category3_0_, recipe0_.date as date4_0_, recipe0_.description as descript5_0_, recipe0_.name as name6_0_ from recipe recipe0_ where upper(recipe0_.category)=upper(?) order by recipe0_.date desc
Hibernate: select ingredient0_.recipe_id as recipe_i1_2_0_, ingredient0_.ingredients as ingredie2_2_0_ from recipe_ingredients ingredient0_ where ingredient0_.recipe_id=?
Hibernate: select directions0_.recipe_id as recipe_i1_1_0_, directions0_.directions as directio2_1_0_ from recipe_directions directions0_ where directions0_.recipe_id=?
Hibernate: select ingredient0_.recipe_id as recipe_i1_2_0_, ingredient0_.ingredients as ingredie2_2_0_ from recipe_ingredients ingredient0_ where ingredient0_.recipe_id=?
Hibernate: select directions0_.recipe_id as recipe_i1_1_0_, directions0_.directions as directio2_1_0_ from recipe_directions directions0_ where directions0_.recipe_id=?
Hibernate: select ingredient0_.recipe_id as recipe_i1_2_0_, ingredient0_.ingredients as ingredie2_2_0_ from recipe_ingredients ingredient0_ where ingredient0_.recipe_id=?
Hibernate: select directions0_.recipe_id as recipe_i1_1_0_, directions0_.directions as directio2_1_0_ from recipe_directions directions0_ where directions0_.recipe_id=?
Hibernate: select ingredient0_.recipe_id as recipe_i1_2_0_, ingredient0_.ingredients as ingredie2_2_0_ from recipe_ingredients ingredient0_ where ingredient0_.recipe_id=?
Hibernate: select directions0_.recipe_id as recipe_i1_1_0_, directions0_.directions as directio2_1_0_ from recipe_directions directions0_ where directions0_.recipe_id=?
Hibernate: select ingredient0_.recipe_id as recipe_i1_2_0_, ingredient0_.ingredients as ingredie2_2_0_ from recipe_ingredients ingredient0_ where ingredient0_.recipe_id=?
Hibernate: select directions0_.recipe_id as recipe_i1_1_0_, directions0_.directions as directio2_1_0_ from recipe_directions directions0_ where directions0_.recipe_id=?
Hibernate: select ingredient0_.recipe_id as recipe_i1_2_0_, ingredient0_.ingredients as ingredie2_2_0_ from recipe_ingredients ingredient0_ where ingredient0_.recipe_id=?
Hibernate: select directions0_.recipe_id as recipe_i1_1_0_, directions0_.directions as directio2_1_0_ from recipe_directions directions0_ where directions0_.recipe_id=?
Hibernate: select ingredient0_.recipe_id as recipe_i1_2_0_, ingredient0_.ingredients as ingredie2_2_0_ from recipe_ingredients ingredient0_ where ingredient0_.recipe_id=?
Hibernate: select directions0_.recipe_id as recipe_i1_1_0_, directions0_.directions as directio2_1_0_ from recipe_directions directions0_ where directions0_.recipe_id=?
?[1;31m
Start test 36?[0m
Hibernate: select user0_.email as email1_3_, user0_.password as password2_3_ from user user0_ where user0_.email=?
Hibernate: select recipe0_.id as id1_0_, recipe0_.author as author2_0_, recipe0_.category as category3_0_, recipe0_.date as date4_0_, recipe0_.description as descript5_0_, recipe0_.name as name6_0_ from recipe recipe0_ where upper(recipe0_.name) like upper(?) escape ? order by recipe0_.date desc
Hibernate: select ingredient0_.recipe_id as recipe_i1_2_0_, ingredient0_.ingredients as ingredie2_2_0_ from recipe_ingredients ingredient0_ where ingredient0_.recipe_id=?
Hibernate: select directions0_.recipe_id as recipe_i1_1_0_, directions0_.directions as directio2_1_0_ from recipe_directions directions0_ where directions0_.recipe_id=?
Hibernate: select ingredient0_.recipe_id as recipe_i1_2_0_, ingredient0_.ingredients as ingredie2_2_0_ from recipe_ingredients ingredient0_ where ingredient0_.recipe_id=?
Hibernate: select directions0_.recipe_id as recipe_i1_1_0_, directions0_.directions as directio2_1_0_ from recipe_directions directions0_ where directions0_.recipe_id=?
Hibernate: select ingredient0_.recipe_id as recipe_i1_2_0_, ingredient0_.ingredients as ingredie2_2_0_ from recipe_ingredients ingredient0_ where ingredient0_.recipe_id=?
Hibernate: select directions0_.recipe_id as recipe_i1_1_0_, directions0_.directions as directio2_1_0_ from recipe_directions directions0_ where directions0_.recipe_id=?
Hibernate: select ingredient0_.recipe_id as recipe_i1_2_0_, ingredient0_.ingredients as ingredie2_2_0_ from recipe_ingredients ingredient0_ where ingredient0_.recipe_id=?
Hibernate: select directions0_.recipe_id as recipe_i1_1_0_, directions0_.directions as directio2_1_0_ from recipe_directions directions0_ where directions0_.recipe_id=?
Hibernate: select ingredient0_.recipe_id as recipe_i1_2_0_, ingredient0_.ingredients as ingredie2_2_0_ from recipe_ingredients ingredient0_ where ingredient0_.recipe_id=?
Hibernate: select directions0_.recipe_id as recipe_i1_1_0_, directions0_.directions as directio2_1_0_ from recipe_directions directions0_ where directions0_.recipe_id=?
Hibernate: select ingredient0_.recipe_id as recipe_i1_2_0_, ingredient0_.ingredients as ingredie2_2_0_ from recipe_ingredients ingredient0_ where ingredient0_.recipe_id=?
Hibernate: select directions0_.recipe_id as recipe_i1_1_0_, directions0_.directions as directio2_1_0_ from recipe_directions directions0_ where directions0_.recipe_id=?
?[1;31m
Start test 37?[0m
Hibernate: select user0_.email as email1_3_, user0_.password as password2_3_ from user user0_ where user0_.email=?
Hibernate: select recipe0_.id as id1_0_, recipe0_.author as author2_0_, recipe0_.category as category3_0_, recipe0_.date as date4_0_, recipe0_.description as descript5_0_, recipe0_.name as name6_0_ from recipe recipe0_ where upper(recipe0_.category)=upper(?) order by recipe0_.date desc
?[1;31m
Start test 38?[0m
Hibernate: select user0_.email as email1_3_, user0_.password as password2_3_ from user user0_ where user0_.email=?
Hibernate: select recipe0_.id as id1_0_, recipe0_.author as author2_0_, recipe0_.category as category3_0_, recipe0_.date as date4_0_, recipe0_.description as descript5_0_, recipe0_.name as name6_0_ from recipe recipe0_ where upper(recipe0_.name) like upper(?) escape ? order by recipe0_.date desc
?[1;31m
Start test 39?[0m
Hibernate: select user0_.email as email1_3_, user0_.password as password2_3_ from user user0_ where user0_.email=?
?[1;31m
Start test 40?[0m
Hibernate: select user0_.email as email1_3_, user0_.password as password2_3_ from user user0_ where user0_.email=?
?[1;31m
Start test 41?[0m
Hibernate: select user0_.email as email1_3_, user0_.password as password2_3_ from user user0_ where user0_.email=?
?[1;31m
Start test 42?[0m
Hibernate: select user0_.email as email1_3_, user0_.password as password2_3_ from user user0_ where user0_.email=?
?[1;31m
Start test 43?[0m
Hibernate: select user0_.email as email1_3_, user0_.password as password2_3_ from user user0_ where user0_.email=?
2022-02-09 10:38:27.071  WARN 9852 --- [nio-8080-exec-9] .w.s.m.s.DefaultHandlerExceptionResolver : Resolved [org.springframework.web.bind.MethodArgumentNotValidException: Validation failed for argument [0] in public org.springframework.http.ResponseEntity<java.lang.Object> recipes.presentation.RecipesController.addRecipe(recipes.businesslayer.Recipe,org.springframework.security.core.userdetails.UserDetails): [Field error in object 'recipe' on field 'name': rejected value [null]; codes [NotBlank.recipe.name,NotBlank.name,NotBlank.java.lang.String,NotBlank]; arguments [org.springframework.context.support.DefaultMessageSourceResolvable: codes [recipe.name,name]; arguments []; default message [name]]; default message [must not be blank]] ]
?[1;31m
Start test 44?[0m
Hibernate: select user0_.email as email1_3_, user0_.password as password2_3_ from user user0_ where user0_.email=?
2022-02-09 10:38:27.172  WARN 9852 --- [nio-8080-exec-3] .w.s.m.s.DefaultHandlerExceptionResolver : Resolved [org.springframework.web.bind.MethodArgumentNotValidException: Validation failed for argument [0] in public org.springframework.http.ResponseEntity<java.lang.Object> recipes.presentation.RecipesController.addRecipe(recipes.businesslayer.Recipe,org.springframework.security.core.userdetails.UserDetails): [Field error in object 'recipe' on field 'category': rejected value [null]; codes [NotBlank.recipe.category,NotBlank.category,NotBlank.java.lang.String,NotBlank]; arguments [org.springframework.context.support.DefaultMessageSourceResolvable: codes [recipe.category,category]; arguments []; default message [category]]; default message [must not be blank]] ]
?[1;31m
Start test 45?[0m
Hibernate: select user0_.email as email1_3_, user0_.password as password2_3_ from user user0_ where user0_.email=?
2022-02-09 10:38:27.282  WARN 9852 --- [nio-8080-exec-5] .w.s.m.s.DefaultHandlerExceptionResolver : Resolved [org.springframework.web.bind.MethodArgumentNotValidException: Validation failed for argument [0] in public org.springframework.http.ResponseEntity<java.lang.Object> recipes.presentation.RecipesController.addRecipe(recipes.businesslayer.Recipe,org.springframework.security.core.userdetails.UserDetails): [Field error in object 'recipe' on field 'description': rejected value [null]; codes [NotBlank.recipe.description,NotBlank.description,NotBlank.java.lang.String,NotBlank]; arguments [org.springframework.context.support.DefaultMessageSourceResolvable: codes [recipe.description,description]; arguments []; default message [description]]; default message [must not be blank]] ]
?[1;31m
Start test 46?[0m
Hibernate: select user0_.email as email1_3_, user0_.password as password2_3_ from user user0_ where user0_.email=?
2022-02-09 10:38:27.379  WARN 9852 --- [nio-8080-exec-4] .w.s.m.s.DefaultHandlerExceptionResolver : Resolved [org.springframework.web.bind.MethodArgumentNotValidException: Validation failed for argument [0] in public org.springframework.http.ResponseEntity<java.lang.Object> recipes.presentation.RecipesController.addRecipe(recipes.businesslayer.Recipe,org.springframework.security.core.userdetails.UserDetails): [Field error in object 'recipe' on field 'ingredients': rejected value [null]; codes [NotEmpty.recipe.ingredients,NotEmpty.ingredients,NotEmpty.java.util.List,NotEmpty]; arguments [org.springframework.context.support.DefaultMessageSourceResolvable: codes [recipe.ingredients,ingredients]; arguments []; default message [ingredients]]; default message [must not be empty]] ]
?[1;31m
Start test 47?[0m
Hibernate: select user0_.email as email1_3_, user0_.password as password2_3_ from user user0_ where user0_.email=?
2022-02-09 10:38:27.479  WARN 9852 --- [nio-8080-exec-2] .w.s.m.s.DefaultHandlerExceptionResolver : Resolved [org.springframework.web.bind.MethodArgumentNotValidException: Validation failed for argument [0] in public org.springframework.http.ResponseEntity<java.lang.Object> recipes.presentation.RecipesController.addRecipe(recipes.businesslayer.Recipe,org.springframework.security.core.userdetails.UserDetails): [Field error in object 'recipe' on field 'directions': rejected value [null]; codes [NotEmpty.recipe.directions,NotEmpty.directions,NotEmpty.java.util.List,NotEmpty]; arguments [org.springframework.context.support.DefaultMessageSourceResolvable: codes [recipe.directions,directions]; arguments []; default message [directions]]; default message [must not be empty]] ]
?[1;31m
Start test 48?[0m
Hibernate: select user0_.email as email1_3_, user0_.password as password2_3_ from user user0_ where user0_.email=?
2022-02-09 10:38:27.578  WARN 9852 --- [nio-8080-exec-1] .w.s.m.s.DefaultHandlerExceptionResolver : Resolved [org.springframework.web.bind.MethodArgumentNotValidException: Validation failed for argument [0] in public org.springframework.http.ResponseEntity<java.lang.Object> recipes.presentation.RecipesController.addRecipe(recipes.businesslayer.Recipe,org.springframework.security.core.userdetails.UserDetails): [Field error in object 'recipe' on field 'name': rejected value [  ]; codes [NotBlank.recipe.name,NotBlank.name,NotBlank.java.lang.String,NotBlank]; arguments [org.springframework.context.support.DefaultMessageSourceResolvable: codes [recipe.name,name]; arguments []; default message [name]]; default message [must not be blank]] ]
?[1;31m
Start test 49?[0m
Hibernate: select user0_.email as email1_3_, user0_.password as password2_3_ from user user0_ where user0_.email=?
2022-02-09 10:38:27.674  WARN 9852 --- [nio-8080-exec-8] .w.s.m.s.DefaultHandlerExceptionResolver : Resolved [org.springframework.web.bind.MethodArgumentNotValidException: Validation failed for argument [0] in public org.springframework.http.ResponseEntity<java.lang.Object> recipes.presentation.RecipesController.addRecipe(recipes.businesslayer.Recipe,org.springframework.security.core.userdetails.UserDetails): [Field error in object 'recipe' on field 'category': rejected value [  ]; codes [NotBlank.recipe.category,NotBlank.category,NotBlank.java.lang.String,NotBlank]; arguments [org.springframework.context.support.DefaultMessageSourceResolvable: codes [recipe.category,category]; arguments []; default message [category]]; default message [must not be blank]] ]
?[1;31m
Start test 50?[0m
Hibernate: select user0_.email as email1_3_, user0_.password as password2_3_ from user user0_ where user0_.email=?
2022-02-09 10:38:27.774  WARN 9852 --- [nio-8080-exec-7] .w.s.m.s.DefaultHandlerExceptionResolver : Resolved [org.springframework.web.bind.MethodArgumentNotValidException: Validation failed for argument [0] in public org.springframework.http.ResponseEntity<java.lang.Object> recipes.presentation.RecipesController.addRecipe(recipes.businesslayer.Recipe,org.springframework.security.core.userdetails.UserDetails): [Field error in object 'recipe' on field 'description': rejected value [  ]; codes [NotBlank.recipe.description,NotBlank.description,NotBlank.java.lang.String,NotBlank]; arguments [org.springframework.context.support.DefaultMessageSourceResolvable: codes [recipe.description,description]; arguments []; default message [description]]; default message [must not be blank]] ]
?[1;31m
Start test 51?[0m
Hibernate: select user0_.email as email1_3_, user0_.password as password2_3_ from user user0_ where user0_.email=?
2022-02-09 10:38:27.875  WARN 9852 --- [nio-8080-exec-6] .w.s.m.s.DefaultHandlerExceptionResolver : Resolved [org.springframework.web.bind.MethodArgumentNotValidException: Validation failed for argument [0] in public org.springframework.http.ResponseEntity<java.lang.Object> recipes.presentation.RecipesController.addRecipe(recipes.businesslayer.Recipe,org.springframework.security.core.userdetails.UserDetails): [Field error in object 'recipe' on field 'ingredients': rejected value [[]]; codes [NotEmpty.recipe.ingredients,NotEmpty.ingredients,NotEmpty.java.util.List,NotEmpty]; arguments [org.springframework.context.support.DefaultMessageSourceResolvable: codes [recipe.ingredients,ingredients]; arguments []; default message [ingredients]]; default message [must not be empty]] ]
?[1;31m
Start test 52?[0m
Hibernate: select user0_.email as email1_3_, user0_.password as password2_3_ from user user0_ where user0_.email=?
2022-02-09 10:38:27.985  WARN 9852 --- [io-8080-exec-10] .w.s.m.s.DefaultHandlerExceptionResolver : Resolved [org.springframework.web.bind.MethodArgumentNotValidException: Validation failed for argument [0] in public org.springframework.http.ResponseEntity<java.lang.Object> recipes.presentation.RecipesController.addRecipe(recipes.businesslayer.Recipe,org.springframework.security.core.userdetails.UserDetails): [Field error in object 'recipe' on field 'directions': rejected value [[]]; codes [NotEmpty.recipe.directions,NotEmpty.directions,NotEmpty.java.util.List,NotEmpty]; arguments [org.springframework.context.support.DefaultMessageSourceResolvable: codes [recipe.directions,directions]; arguments []; default message [directions]]; default message [must not be empty]] ]
?[1;31m
Start test 53?[0m
Hibernate: select user0_.email as email1_3_, user0_.password as password2_3_ from user user0_ where user0_.email=?
2022-02-09 10:38:28.084  WARN 9852 --- [nio-8080-exec-9] .w.s.m.s.DefaultHandlerExceptionResolver : Resolved [org.springframework.web.bind.MethodArgumentNotValidException: Validation failed for argument [0] in public org.springframework.http.ResponseEntity<java.lang.Object> recipes.presentation.RecipesController.updateRecipe(recipes.businesslayer.Recipe,java.lang.Long,org.springframework.security.core.userdetails.UserDetails): [Field error in object 'recipe' on field 'name': rejected value [null]; codes [NotBlank.recipe.name,NotBlank.name,NotBlank.java.lang.String,NotBlank]; arguments [org.springframework.context.support.DefaultMessageSourceResolvable: codes [recipe.name,name]; arguments []; default message [name]]; default message [must not be blank]] ]
?[1;31m
Start test 54?[0m
Hibernate: select user0_.email as email1_3_, user0_.password as password2_3_ from user user0_ where user0_.email=?
2022-02-09 10:38:28.179  WARN 9852 --- [nio-8080-exec-3] .w.s.m.s.DefaultHandlerExceptionResolver : Resolved [org.springframework.web.bind.MethodArgumentNotValidException: Validation failed for argument [0] in public org.springframework.http.ResponseEntity<java.lang.Object> recipes.presentation.RecipesController.updateRecipe(recipes.businesslayer.Recipe,java.lang.Long,org.springframework.security.core.userdetails.UserDetails): [Field error in object 'recipe' on field 'category': rejected value [null]; codes [NotBlank.recipe.category,NotBlank.category,NotBlank.java.lang.String,NotBlank]; arguments [org.springframework.context.support.DefaultMessageSourceResolvable: codes [recipe.category,category]; arguments []; default message [category]]; default message [must not be blank]] ]
?[1;31m
Start test 55?[0m
Hibernate: select user0_.email as email1_3_, user0_.password as password2_3_ from user user0_ where user0_.email=?
2022-02-09 10:38:28.281  WARN 9852 --- [nio-8080-exec-5] .w.s.m.s.DefaultHandlerExceptionResolver : Resolved [org.springframework.web.bind.MethodArgumentNotValidException: Validation failed for argument [0] in public org.springframework.http.ResponseEntity<java.lang.Object> recipes.presentation.RecipesController.updateRecipe(recipes.businesslayer.Recipe,java.lang.Long,org.springframework.security.core.userdetails.UserDetails): [Field error in object 'recipe' on field 'description': rejected value [null]; codes [NotBlank.recipe.description,NotBlank.description,NotBlank.java.lang.String,NotBlank]; arguments [org.springframework.context.support.DefaultMessageSourceResolvable: codes [recipe.description,description]; arguments []; default message [description]]; default message [must not be blank]] ]
?[1;31m
Start test 56?[0m
Hibernate: select user0_.email as email1_3_, user0_.password as password2_3_ from user user0_ where user0_.email=?
2022-02-09 10:38:28.377  WARN 9852 --- [nio-8080-exec-4] .w.s.m.s.DefaultHandlerExceptionResolver : Resolved [org.springframework.web.bind.MethodArgumentNotValidException: Validation failed for argument [0] in public org.springframework.http.ResponseEntity<java.lang.Object> recipes.presentation.RecipesController.updateRecipe(recipes.businesslayer.Recipe,java.lang.Long,org.springframework.security.core.userdetails.UserDetails): [Field error in object 'recipe' on field 'ingredients': rejected value [null]; codes [NotEmpty.recipe.ingredients,NotEmpty.ingredients,NotEmpty.java.util.List,NotEmpty]; arguments [org.springframework.context.support.DefaultMessageSourceResolvable: codes [recipe.ingredients,ingredients]; arguments []; default message [ingredients]]; default message [must not be empty]] ]
?[1;31m
Start test 57?[0m
Hibernate: select user0_.email as email1_3_, user0_.password as password2_3_ from user user0_ where user0_.email=?
2022-02-09 10:38:28.474  WARN 9852 --- [nio-8080-exec-2] .w.s.m.s.DefaultHandlerExceptionResolver : Resolved [org.springframework.web.bind.MethodArgumentNotValidException: Validation failed for argument [0] in public org.springframework.http.ResponseEntity<java.lang.Object> recipes.presentation.RecipesController.updateRecipe(recipes.businesslayer.Recipe,java.lang.Long,org.springframework.security.core.userdetails.UserDetails): [Field error in object 'recipe' on field 'directions': rejected value [null]; codes [NotEmpty.recipe.directions,NotEmpty.directions,NotEmpty.java.util.List,NotEmpty]; arguments [org.springframework.context.support.DefaultMessageSourceResolvable: codes [recipe.directions,directions]; arguments []; default message [directions]]; default message [must not be empty]] ]
?[1;31m
Start test 58?[0m
Hibernate: select user0_.email as email1_3_, user0_.password as password2_3_ from user user0_ where user0_.email=?
2022-02-09 10:38:28.574  WARN 9852 --- [nio-8080-exec-1] .w.s.m.s.DefaultHandlerExceptionResolver : Resolved [org.springframework.web.bind.MethodArgumentNotValidException: Validation failed for argument [0] in public org.springframework.http.ResponseEntity<java.lang.Object> recipes.presentation.RecipesController.updateRecipe(recipes.businesslayer.Recipe,java.lang.Long,org.springframework.security.core.userdetails.UserDetails): [Field error in object 'recipe' on field 'name': rejected value [  ]; codes [NotBlank.recipe.name,NotBlank.name,NotBlank.java.lang.String,NotBlank]; arguments [org.springframework.context.support.DefaultMessageSourceResolvable: codes [recipe.name,name]; arguments []; default message [name]]; default message [must not be blank]] ]
?[1;31m
Start test 59?[0m
Hibernate: select user0_.email as email1_3_, user0_.password as password2_3_ from user user0_ where user0_.email=?
2022-02-09 10:38:28.670  WARN 9852 --- [nio-8080-exec-8] .w.s.m.s.DefaultHandlerExceptionResolver : Resolved [org.springframework.web.bind.MethodArgumentNotValidException: Validation failed for argument [0] in public org.springframework.http.ResponseEntity<java.lang.Object> recipes.presentation.RecipesController.updateRecipe(recipes.businesslayer.Recipe,java.lang.Long,org.springframework.security.core.userdetails.UserDetails): [Field error in object 'recipe' on field 'category': rejected value [  ]; codes [NotBlank.recipe.category,NotBlank.category,NotBlank.java.lang.String,NotBlank]; arguments [org.springframework.context.support.DefaultMessageSourceResolvable: codes [recipe.category,category]; arguments []; default message [category]]; default message [must not be blank]] ]
?[1;31m
Start test 60?[0m
Hibernate: select user0_.email as email1_3_, user0_.password as password2_3_ from user user0_ where user0_.email=?
2022-02-09 10:38:28.768  WARN 9852 --- [nio-8080-exec-7] .w.s.m.s.DefaultHandlerExceptionResolver : Resolved [org.springframework.web.bind.MethodArgumentNotValidException: Validation failed for argument [0] in public org.springframework.http.ResponseEntity<java.lang.Object> recipes.presentation.RecipesController.updateRecipe(recipes.businesslayer.Recipe,java.lang.Long,org.springframework.security.core.userdetails.UserDetails): [Field error in object 'recipe' on field 'description': rejected value [  ]; codes [NotBlank.recipe.description,NotBlank.description,NotBlank.java.lang.String,NotBlank]; arguments [org.springframework.context.support.DefaultMessageSourceResolvable: codes [recipe.description,description]; arguments []; default message [description]]; default message [must not be blank]] ]
?[1;31m
Start test 61?[0m
Hibernate: select user0_.email as email1_3_, user0_.password as password2_3_ from user user0_ where user0_.email=?
2022-02-09 10:38:28.868  WARN 9852 --- [nio-8080-exec-6] .w.s.m.s.DefaultHandlerExceptionResolver : Resolved [org.springframework.web.bind.MethodArgumentNotValidException: Validation failed for argument [0] in public org.springframework.http.ResponseEntity<java.lang.Object> recipes.presentation.RecipesController.updateRecipe(recipes.businesslayer.Recipe,java.lang.Long,org.springframework.security.core.userdetails.UserDetails): [Field error in object 'recipe' on field 'ingredients': rejected value [[]]; codes [NotEmpty.recipe.ingredients,NotEmpty.ingredients,NotEmpty.java.util.List,NotEmpty]; arguments [org.springframework.context.support.DefaultMessageSourceResolvable: codes [recipe.ingredients,ingredients]; arguments []; default message [ingredients]]; default message [must not be empty]] ]
?[1;31m
Start test 62?[0m
Hibernate: select user0_.email as email1_3_, user0_.password as password2_3_ from user user0_ where user0_.email=?
2022-02-09 10:38:28.967  WARN 9852 --- [io-8080-exec-10] .w.s.m.s.DefaultHandlerExceptionResolver : Resolved [org.springframework.web.bind.MethodArgumentNotValidException: Validation failed for argument [0] in public org.springframework.http.ResponseEntity<java.lang.Object> recipes.presentation.RecipesController.updateRecipe(recipes.businesslayer.Recipe,java.lang.Long,org.springframework.security.core.userdetails.UserDetails): [Field error in object 'recipe' on field 'directions': rejected value [[]]; codes [NotEmpty.recipe.directions,NotEmpty.directions,NotEmpty.java.util.List,NotEmpty]; arguments [org.springframework.context.support.DefaultMessageSourceResolvable: codes [recipe.directions,directions]; arguments []; default message [directions]]; default message [must not be empty]] ]
?[1;31m
Start test 63?[0m
2022-02-09 10:38:29.519  INFO 9852 --- [       Thread-7] j.LocalContainerEntityManagerFactoryBean : Closing JPA EntityManagerFactory for persistence unit 'default'
2022-02-09 10:38:29.520  INFO 9852 --- [       Thread-7] com.zaxxer.hikari.HikariDataSource       : HikariPool-2 - Shutdown initiated...

  .   ____          _            __ _ _
 /\\ / ___'_ __ _ _(_)_ __  __ _ \ \ \ \
( ( )\___ | '_ | '_| | '_ \/ _` | \ \ \ \
 \\/  ___)| |_)| | | | | || (_| |  ) ) ) )
  '  |____| .__|_| |_|_| |_\__, | / / / /
 =========|_|==============|___/=/_/_/_/
 :: Spring Boot ::                (v2.5.6)

2022-02-09 10:38:29.569  INFO 9852 --- [    Test worker] recipes.RecipesApplication               : Starting RecipesApplication using Java 17.0.2 on T460 with PID 9852 (started by Hai in D:\gt\Recipes\Recipes\task)
2022-02-09 10:38:29.570  INFO 9852 --- [    Test worker] recipes.RecipesApplication               : No active profile set, falling back to default profiles: default
2022-02-09 10:38:29.611  INFO 9852 --- [       Thread-7] com.zaxxer.hikari.HikariDataSource       : HikariPool-2 - Shutdown completed.
2022-02-09 10:38:29.986  INFO 9852 --- [    Test worker] .s.d.r.c.RepositoryConfigurationDelegate : Bootstrapping Spring Data JPA repositories in DEFAULT mode.
2022-02-09 10:38:29.999  INFO 9852 --- [    Test worker] .s.d.r.c.RepositoryConfigurationDelegate : Finished Spring Data repository scanning in 11 ms. Found 2 JPA repository interfaces.
2022-02-09 10:38:30.143  INFO 9852 --- [    Test worker] o.s.b.w.embedded.tomcat.TomcatWebServer  : Tomcat initialized with port(s): 8080 (http)
2022-02-09 10:38:30.144  INFO 9852 --- [    Test worker] o.apache.catalina.core.StandardService   : Starting service [Tomcat]
2022-02-09 10:38:30.150  INFO 9852 --- [    Test worker] org.apache.catalina.core.StandardEngine  : Starting Servlet engine: [Apache Tomcat/9.0.54]
2022-02-09 10:38:30.197  INFO 9852 --- [    Test worker] o.a.c.c.C.[Tomcat].[localhost].[/]       : Initializing Spring embedded WebApplicationContext
2022-02-09 10:38:30.198  INFO 9852 --- [    Test worker] w.s.c.ServletWebServerApplicationContext : Root WebApplicationContext: initialization completed in 624 ms
2022-02-09 10:38:30.280  INFO 9852 --- [    Test worker] com.zaxxer.hikari.HikariDataSource       : HikariPool-3 - Starting...
2022-02-09 10:38:30.308  INFO 9852 --- [    Test worker] com.zaxxer.hikari.HikariDataSource       : HikariPool-3 - Start completed.
2022-02-09 10:38:30.309  INFO 9852 --- [    Test worker] o.s.b.a.h2.H2ConsoleAutoConfiguration    : H2 console available at '/h2-console'. Database available at 'jdbc:h2:file:~/recipes_db'
2022-02-09 10:38:30.400  INFO 9852 --- [    Test worker] o.hibernate.jpa.internal.util.LogHelper  : HHH000204: Processing PersistenceUnitInfo [name: default]
2022-02-09 10:38:30.412  INFO 9852 --- [    Test worker] org.hibernate.dialect.Dialect            : HHH000400: Using dialect: org.hibernate.dialect.H2Dialect
2022-02-09 10:38:30.584  INFO 9852 --- [    Test worker] o.h.e.t.j.p.i.JtaPlatformInitiator       : HHH000490: Using JtaPlatform implementation: [org.hibernate.engine.transaction.jta.platform.internal.NoJtaPlatform]
2022-02-09 10:38:30.585  INFO 9852 --- [    Test worker] j.LocalContainerEntityManagerFactoryBean : Initialized JPA EntityManagerFactory for persistence unit 'default'
2022-02-09 10:38:30.737  WARN 9852 --- [    Test worker] JpaBaseConfiguration$JpaWebConfiguration : spring.jpa.open-in-view is enabled by default. Therefore, database queries may be performed during view rendering. Explicitly configure spring.jpa.open-in-view to disable this warning
2022-02-09 10:38:30.960  INFO 9852 --- [    Test worker] o.s.b.a.e.web.EndpointLinksResolver      : Exposing 14 endpoint(s) beneath base path '/actuator'
2022-02-09 10:38:30.980  INFO 9852 --- [    Test worker] o.s.s.web.DefaultSecurityFilterChain     : Will secure any request with [org.springframework.security.web.context.request.async.WebAsyncManagerIntegrationFilter@3118ed2c, org.springframework.security.web.context.SecurityContextPersistenceFilter@323fa578, org.springframework.security.web.header.HeaderWriterFilter@36f93ea3, org.springframework.security.web.authentication.logout.LogoutFilter@368617cd, org.springframework.security.web.authentication.www.BasicAuthenticationFilter@1b6824c1, org.springframework.security.web.savedrequest.RequestCacheAwareFilter@6d543ec2, org.springframework.security.web.servletapi.SecurityContextHolderAwareRequestFilter@12a719ed, org.springframework.security.web.authentication.AnonymousAuthenticationFilter@5bc150e9, org.springframework.security.web.session.SessionManagementFilter@2c48eb31, org.springframework.security.web.access.ExceptionTranslationFilter@f7a19c4, org.springframework.security.web.access.intercept.FilterSecurityInterceptor@a6f34f5]
2022-02-09 10:38:31.164  INFO 9852 --- [    Test worker] o.s.b.w.embedded.tomcat.TomcatWebServer  : Tomcat started on port(s): 8080 (http) with context path ''
2022-02-09 10:38:31.177  INFO 9852 --- [    Test worker] recipes.RecipesApplication               : Started RecipesApplication in 1.647 seconds (JVM running for 24.833)
?[1;31m
Start test 64?[0m
2022-02-09 10:38:31.190  INFO 9852 --- [nio-8080-exec-1] o.a.c.c.C.[Tomcat].[localhost].[/]       : Initializing Spring DispatcherServlet 'dispatcherServlet'
2022-02-09 10:38:31.191  INFO 9852 --- [nio-8080-exec-1] o.s.web.servlet.DispatcherServlet        : Initializing Servlet 'dispatcherServlet'
2022-02-09 10:38:31.193  INFO 9852 --- [nio-8080-exec-1] o.s.web.servlet.DispatcherServlet        : Completed initialization in 2 ms
Hibernate: select user0_.email as email1_3_, user0_.password as password2_3_ from user user0_ where user0_.email=?
LoginTest1@test.comHi
Hibernate: call next value for hibernate_sequence
Hibernate: insert into recipe (author, category, date, description, name, id) values (?, ?, ?, ?, ?, ?)
Hibernate: insert into recipe_directions (recipe_id, directions) values (?, ?)
Hibernate: insert into recipe_directions (recipe_id, directions) values (?, ?)
Hibernate: insert into recipe_directions (recipe_id, directions) values (?, ?)
Hibernate: insert into recipe_directions (recipe_id, directions) values (?, ?)
Hibernate: insert into recipe_directions (recipe_id, directions) values (?, ?)
Hibernate: insert into recipe_ingredients (recipe_id, ingredients) values (?, ?)
Hibernate: insert into recipe_ingredients (recipe_id, ingredients) values (?, ?)
Hibernate: insert into recipe_ingredients (recipe_id, ingredients) values (?, ?)
?[1;31m
Start test 65?[0m
Hibernate: select user0_.email as email1_3_, user0_.password as password2_3_ from user user0_ where user0_.email=?
Hibernate: select recipe0_.id as id1_0_, recipe0_.author as author2_0_, recipe0_.category as category3_0_, recipe0_.date as date4_0_, recipe0_.description as descript5_0_, recipe0_.name as name6_0_ from recipe recipe0_ where recipe0_.id=?
Hibernate: select ingredient0_.recipe_id as recipe_i1_2_0_, ingredient0_.ingredients as ingredie2_2_0_ from recipe_ingredients ingredient0_ where ingredient0_.recipe_id=?
Hibernate: select directions0_.recipe_id as recipe_i1_1_0_, directions0_.directions as directio2_1_0_ from recipe_directions directions0_ where directions0_.recipe_id=?
?[1;31m
Start test 66?[0m
Hibernate: select user0_.email as email1_3_, user0_.password as password2_3_ from user user0_ where user0_.email=?
Hibernate: select recipe0_.id as id1_0_, recipe0_.author as author2_0_, recipe0_.category as category3_0_, recipe0_.date as date4_0_, recipe0_.description as descript5_0_, recipe0_.name as name6_0_ from recipe recipe0_ where upper(recipe0_.category)=upper(?) order by recipe0_.date desc
Hibernate: select ingredient0_.recipe_id as recipe_i1_2_0_, ingredient0_.ingredients as ingredie2_2_0_ from recipe_ingredients ingredient0_ where ingredient0_.recipe_id=?
Hibernate: select directions0_.recipe_id as recipe_i1_1_0_, directions0_.directions as directio2_1_0_ from recipe_directions directions0_ where directions0_.recipe_id=?
Hibernate: select ingredient0_.recipe_id as recipe_i1_2_0_, ingredient0_.ingredients as ingredie2_2_0_ from recipe_ingredients ingredient0_ where ingredient0_.recipe_id=?
Hibernate: select directions0_.recipe_id as recipe_i1_1_0_, directions0_.directions as directio2_1_0_ from recipe_directions directions0_ where directions0_.recipe_id=?
Hibernate: select ingredient0_.recipe_id as recipe_i1_2_0_, ingredient0_.ingredients as ingredie2_2_0_ from recipe_ingredients ingredient0_ where ingredient0_.recipe_id=?
Hibernate: select directions0_.recipe_id as recipe_i1_1_0_, directions0_.directions as directio2_1_0_ from recipe_directions directions0_ where directions0_.recipe_id=?
Hibernate: select ingredient0_.recipe_id as recipe_i1_2_0_, ingredient0_.ingredients as ingredie2_2_0_ from recipe_ingredients ingredient0_ where ingredient0_.recipe_id=?
Hibernate: select directions0_.recipe_id as recipe_i1_1_0_, directions0_.directions as directio2_1_0_ from recipe_directions directions0_ where directions0_.recipe_id=?
Hibernate: select ingredient0_.recipe_id as recipe_i1_2_0_, ingredient0_.ingredients as ingredie2_2_0_ from recipe_ingredients ingredient0_ where ingredient0_.recipe_id=?
Hibernate: select directions0_.recipe_id as recipe_i1_1_0_, directions0_.directions as directio2_1_0_ from recipe_directions directions0_ where directions0_.recipe_id=?
Hibernate: select ingredient0_.recipe_id as recipe_i1_2_0_, ingredient0_.ingredients as ingredie2_2_0_ from recipe_ingredients ingredient0_ where ingredient0_.recipe_id=?
Hibernate: select directions0_.recipe_id as recipe_i1_1_0_, directions0_.directions as directio2_1_0_ from recipe_directions directions0_ where directions0_.recipe_id=?
Hibernate: select ingredient0_.recipe_id as recipe_i1_2_0_, ingredient0_.ingredients as ingredie2_2_0_ from recipe_ingredients ingredient0_ where ingredient0_.recipe_id=?
Hibernate: select directions0_.recipe_id as recipe_i1_1_0_, directions0_.directions as directio2_1_0_ from recipe_directions directions0_ where directions0_.recipe_id=?
?[1;31m
Start test 67?[0m
Hibernate: select user0_.email as email1_3_, user0_.password as password2_3_ from user user0_ where user0_.email=?
Hibernate: select recipe0_.id as id1_0_, recipe0_.author as author2_0_, recipe0_.category as category3_0_, recipe0_.date as date4_0_, recipe0_.description as descript5_0_, recipe0_.name as name6_0_ from recipe recipe0_ where upper(recipe0_.name) like upper(?) escape ? order by recipe0_.date desc
Hibernate: select ingredient0_.recipe_id as recipe_i1_2_0_, ingredient0_.ingredients as ingredie2_2_0_ from recipe_ingredients ingredient0_ where ingredient0_.recipe_id=?
Hibernate: select directions0_.recipe_id as recipe_i1_1_0_, directions0_.directions as directio2_1_0_ from recipe_directions directions0_ where directions0_.recipe_id=?
Hibernate: select ingredient0_.recipe_id as recipe_i1_2_0_, ingredient0_.ingredients as ingredie2_2_0_ from recipe_ingredients ingredient0_ where ingredient0_.recipe_id=?
Hibernate: select directions0_.recipe_id as recipe_i1_1_0_, directions0_.directions as directio2_1_0_ from recipe_directions directions0_ where directions0_.recipe_id=?
Hibernate: select ingredient0_.recipe_id as recipe_i1_2_0_, ingredient0_.ingredients as ingredie2_2_0_ from recipe_ingredients ingredient0_ where ingredient0_.recipe_id=?
Hibernate: select directions0_.recipe_id as recipe_i1_1_0_, directions0_.directions as directio2_1_0_ from recipe_directions directions0_ where directions0_.recipe_id=?
Hibernate: select ingredient0_.recipe_id as recipe_i1_2_0_, ingredient0_.ingredients as ingredie2_2_0_ from recipe_ingredients ingredient0_ where ingredient0_.recipe_id=?
Hibernate: select directions0_.recipe_id as recipe_i1_1_0_, directions0_.directions as directio2_1_0_ from recipe_directions directions0_ where directions0_.recipe_id=?
Hibernate: select ingredient0_.recipe_id as recipe_i1_2_0_, ingredient0_.ingredients as ingredie2_2_0_ from recipe_ingredients ingredient0_ where ingredient0_.recipe_id=?
Hibernate: select directions0_.recipe_id as recipe_i1_1_0_, directions0_.directions as directio2_1_0_ from recipe_directions directions0_ where directions0_.recipe_id=?
Hibernate: select ingredient0_.recipe_id as recipe_i1_2_0_, ingredient0_.ingredients as ingredie2_2_0_ from recipe_ingredients ingredient0_ where ingredient0_.recipe_id=?
Hibernate: select directions0_.recipe_id as recipe_i1_1_0_, directions0_.directions as directio2_1_0_ from recipe_directions directions0_ where directions0_.recipe_id=?
?[1;31m
Start test 68?[0m
Hibernate: select user0_.email as email1_3_, user0_.password as password2_3_ from user user0_ where user0_.email=?
Hibernate: select recipe0_.id as id1_0_, recipe0_.author as author2_0_, recipe0_.category as category3_0_, recipe0_.date as date4_0_, recipe0_.description as descript5_0_, recipe0_.name as name6_0_ from recipe recipe0_ where recipe0_.id=?
?[1;31m
Start test 69?[0m
Hibernate: select user0_.email as email1_3_, user0_.password as password2_3_ from user user0_ where user0_.email=?
Hibernate: select recipe0_.id as id1_0_, recipe0_.author as author2_0_, recipe0_.category as category3_0_, recipe0_.date as date4_0_, recipe0_.description as descript5_0_, recipe0_.name as name6_0_ from recipe recipe0_ where recipe0_.id=?
?[1;31m
Start test 70?[0m
Hibernate: select user0_.email as email1_3_, user0_.password as password2_3_ from user user0_ where user0_.email=?
?[1;31m
Start test 71?[0m
Hibernate: select user0_.email as email1_3_, user0_.password as password2_3_ from user user0_ where user0_.email=?
?[1;31m
Start test 72?[0m
Hibernate: select user0_.email as email1_3_, user0_.password as password2_3_ from user user0_ where user0_.email=?
?[1;31m
Start test 73?[0m
Hibernate: select user0_.email as email1_3_, user0_.password as password2_3_ from user user0_ where user0_.email=?
?[1;31m
Start test 74?[0m
Hibernate: select user0_.email as email1_3_, user0_.password as password2_3_ from user user0_ where user0_.email=?
?[1;31m
Start test 75?[0m
Hibernate: select user0_.email as email1_3_, user0_.password as password2_3_ from user user0_ where user0_.email=?
?[1;31m
Start test 76?[0m
?[1;31m
Start test 77?[0m
?[1;31m
Start test 78?[0m
?[1;31m
Start test 79?[0m
?[1;31m
Start test 80?[0m
?[1;31m
Start test 81?[0m
]]></system-out>
  <system-err><![CDATA[]]></system-err>
</testsuite>
